<?xml version="1.0" encoding="UTF-8"?>
<testsuite name="kr.ac.jejunu.userdao.UserDaoTests" tests="2" skipped="0" failures="0" errors="0" timestamp="2022-04-22T07:54:11" hostname="PC07" time="0.338">
  <properties/>
  <testcase name="testGet()" classname="kr.ac.jejunu.userdao.UserDaoTests" time="0.295"/>
  <testcase name="insert()" classname="kr.ac.jejunu.userdao.UserDaoTests" time="0.042"/>
  <system-out><![CDATA[]]></system-out>
  <system-err><![CDATA[]]></system-err>
</testsuite>
