<?xml version="1.0" encoding="UTF-8"?>
<testsuite name="kr.ac.jejunu.userdao.UserDaoTests" tests="4" skipped="0" failures="0" errors="0" timestamp="2022-04-22T07:30:23" hostname="PC07" time="0.422">
  <properties/>
  <testcase name="Hallainsert()" classname="kr.ac.jejunu.userdao.UserDaoTests" time="0.344"/>
  <testcase name="testGet()" classname="kr.ac.jejunu.userdao.UserDaoTests" time="0.019"/>
  <testcase name="insert()" classname="kr.ac.jejunu.userdao.UserDaoTests" time="0.04"/>
  <testcase name="HallatestGet()" classname="kr.ac.jejunu.userdao.UserDaoTests" time="0.017"/>
  <system-out><![CDATA[]]></system-out>
  <system-err><![CDATA[]]></system-err>
</testsuite>
