<?xml version="1.0" encoding="UTF-8"?>
<testsuite name="kr.ac.jejunu.userdao.UserDaoTests" tests="4" skipped="0" failures="0" errors="0" timestamp="2022-04-22T10:40:15" hostname="DESKTOP-211U9FJ" time="0.485">
  <properties/>
  <testcase name="testGet()" classname="kr.ac.jejunu.userdao.UserDaoTests" time="0.322"/>
  <testcase name="delete()" classname="kr.ac.jejunu.userdao.UserDaoTests" time="0.063"/>
  <testcase name="insert()" classname="kr.ac.jejunu.userdao.UserDaoTests" time="0.042"/>
  <testcase name="update()" classname="kr.ac.jejunu.userdao.UserDaoTests" time="0.057"/>
  <system-out><![CDATA[]]></system-out>
  <system-err><![CDATA[]]></system-err>
</testsuite>
